17:35:18.722 [background-preinit] INFO  o.h.v.i.util.Version - [<clinit>,21] - HV000001: Hibernate Validator 6.2.3.Final
17:35:18.750 [restartedMain] INFO  c.e.RuoYiApplication - [logStarting,55] - Starting RuoYiApplication using Java 19.0.1 on 192.168.0.20 with PID 16035 (/Users/yangqingqing/Desktop/project/erp/back/erp-admin/target/classes started by yangqingqing in /Users/yangqingqing/Desktop/project/erp/back)
17:35:18.751 [restartedMain] INFO  c.e.RuoYiApplication - [logStartupProfileInfo,686] - The following 1 profile is active: "druid"
17:35:20.424 [restartedMain] INFO  o.a.c.h.Http11NioProtocol - [log,173] - Initializing ProtocolHandler ["http-nio-8081"]
17:35:20.424 [restartedMain] INFO  o.a.c.c.StandardService - [log,173] - Starting service [Tomcat]
17:35:20.424 [restartedMain] INFO  o.a.c.c.StandardEngine - [log,173] - Starting Servlet engine: [Apache Tomcat/9.0.63]
17:35:20.453 [restartedMain] INFO  o.a.c.c.C.[.[.[/] - [log,173] - Initializing Spring embedded WebApplicationContext
17:35:21.851 [restartedMain] INFO  c.a.d.p.DruidDataSource - [init,998] - {dataSource-1} inited
17:35:25.654 [restartedMain] INFO  o.a.c.h.Http11NioProtocol - [log,173] - Starting ProtocolHandler ["http-nio-8081"]
17:35:25.659 [restartedMain] INFO  sys-user - [shutdownAsyncManager,31] - ====关闭后台任务任务线程池====
17:35:25.664 [restartedMain] INFO  c.a.d.p.DruidDataSource - [close,2071] - {dataSource-1} closing ...
17:35:25.666 [restartedMain] INFO  c.a.d.p.DruidDataSource - [close,2144] - {dataSource-1} closed
17:35:25.775 [restartedMain] INFO  o.a.c.h.Http11NioProtocol - [log,173] - Pausing ProtocolHandler ["http-nio-8081"]
17:35:25.775 [restartedMain] INFO  o.a.c.c.StandardService - [log,173] - Stopping service [Tomcat]
17:35:25.778 [restartedMain] INFO  o.a.c.h.Http11NioProtocol - [log,173] - Stopping ProtocolHandler ["http-nio-8081"]
17:35:25.778 [restartedMain] INFO  o.a.c.h.Http11NioProtocol - [log,173] - Destroying ProtocolHandler ["http-nio-8081"]
17:36:56.832 [background-preinit] INFO  o.h.v.i.util.Version - [<clinit>,21] - HV000001: Hibernate Validator 6.2.3.Final
17:36:56.838 [restartedMain] INFO  c.e.RuoYiApplication - [logStarting,55] - Starting RuoYiApplication using Java 19.0.1 on 192.168.0.20 with PID 16072 (/Users/yangqingqing/Desktop/project/erp/back/erp-admin/target/classes started by yangqingqing in /Users/yangqingqing/Desktop/project/erp/back)
17:36:56.838 [restartedMain] INFO  c.e.RuoYiApplication - [logStartupProfileInfo,686] - The following 1 profile is active: "druid"
17:36:57.924 [restartedMain] INFO  o.a.c.h.Http11NioProtocol - [log,173] - Initializing ProtocolHandler ["http-nio-8080"]
17:36:57.924 [restartedMain] INFO  o.a.c.c.StandardService - [log,173] - Starting service [Tomcat]
17:36:57.924 [restartedMain] INFO  o.a.c.c.StandardEngine - [log,173] - Starting Servlet engine: [Apache Tomcat/9.0.63]
17:36:57.952 [restartedMain] INFO  o.a.c.c.C.[.[.[/] - [log,173] - Initializing Spring embedded WebApplicationContext
17:36:59.349 [restartedMain] INFO  c.a.d.p.DruidDataSource - [init,998] - {dataSource-1} inited
17:37:02.863 [restartedMain] INFO  o.a.c.h.Http11NioProtocol - [log,173] - Starting ProtocolHandler ["http-nio-8080"]
17:37:03.943 [restartedMain] INFO  c.e.RuoYiApplication - [logStarted,61] - Started RuoYiApplication in 7.264 seconds (JVM running for 7.696)
17:37:33.103 [http-nio-8080-exec-1] INFO  o.a.c.c.C.[.[.[/] - [log,173] - Initializing Spring DispatcherServlet 'dispatcherServlet'
17:37:36.934 [schedule-pool-1] INFO  sys-user - [run,56] - [127.0.0.1]内网IP[admin][Success][登录成功]
18:33:00.395 [schedule-pool-1] INFO  sys-user - [run,56] - [127.0.0.1]内网IP[admin][Success][登录成功]
