09:55:52.090 [SpringApplicationShutdownHook] INFO  sys-user - [shutdownAsyncManager,31] - ====关闭后台任务任务线程池====
09:55:52.095 [SpringApplicationShutdownHook] INFO  c.a.d.p.DruidDataSource - [close,2071] - {dataSource-1} closing ...
09:55:52.096 [SpringApplicationShutdownHook] INFO  c.a.d.p.DruidDataSource - [close,2144] - {dataSource-1} closed
09:55:54.069 [background-preinit] INFO  o.h.v.i.util.Version - [<clinit>,21] - HV000001: Hibernate Validator 6.2.3.Final
09:55:54.075 [restartedMain] INFO  c.e.RuoYiApplication - [logStarting,55] - Starting RuoYiApplication using Java 19.0.1 on 192.168.0.20 with PID 18397 (/Users/yangqingqing/Desktop/project/erp/back/erp-admin/target/classes started by yangqingqing in /Users/yangqingqing/Desktop/project/erp/back)
09:55:54.075 [restartedMain] INFO  c.e.RuoYiApplication - [logStartupProfileInfo,686] - The following 1 profile is active: "druid"
09:55:55.181 [restartedMain] INFO  o.a.c.h.Http11NioProtocol - [log,173] - Initializing ProtocolHandler ["http-nio-8080"]
09:55:55.181 [restartedMain] INFO  o.a.c.c.StandardService - [log,173] - Starting service [Tomcat]
09:55:55.181 [restartedMain] INFO  o.a.c.c.StandardEngine - [log,173] - Starting Servlet engine: [Apache Tomcat/9.0.63]
09:55:55.210 [restartedMain] INFO  o.a.c.c.C.[.[.[/] - [log,173] - Initializing Spring embedded WebApplicationContext
09:55:55.645 [restartedMain] INFO  o.a.c.c.StandardService - [log,173] - Stopping service [Tomcat]
09:57:09.021 [background-preinit] INFO  o.h.v.i.util.Version - [<clinit>,21] - HV000001: Hibernate Validator 6.2.3.Final
09:57:09.025 [restartedMain] INFO  c.e.RuoYiApplication - [logStarting,55] - Starting RuoYiApplication using Java 19.0.1 on 192.168.0.20 with PID 18435 (/Users/yangqingqing/Desktop/project/erp/back/erp-admin/target/classes started by yangqingqing in /Users/yangqingqing/Desktop/project/erp/back)
09:57:09.025 [restartedMain] INFO  c.e.RuoYiApplication - [logStartupProfileInfo,686] - The following 1 profile is active: "druid"
09:57:10.104 [restartedMain] INFO  o.a.c.h.Http11NioProtocol - [log,173] - Initializing ProtocolHandler ["http-nio-8080"]
09:57:10.104 [restartedMain] INFO  o.a.c.c.StandardService - [log,173] - Starting service [Tomcat]
09:57:10.104 [restartedMain] INFO  o.a.c.c.StandardEngine - [log,173] - Starting Servlet engine: [Apache Tomcat/9.0.63]
09:57:10.136 [restartedMain] INFO  o.a.c.c.C.[.[.[/] - [log,173] - Initializing Spring embedded WebApplicationContext
09:57:10.770 [restartedMain] INFO  c.a.d.p.DruidDataSource - [init,998] - {dataSource-1} inited
09:57:10.772 [restartedMain] INFO  c.a.d.p.DruidDataSource - [close,2071] - {dataSource-1} closing ...
09:57:10.772 [restartedMain] INFO  c.a.d.p.DruidDataSource - [close,2144] - {dataSource-1} closed
09:57:10.778 [restartedMain] INFO  o.a.c.c.StandardService - [log,173] - Stopping service [Tomcat]
09:57:19.232 [background-preinit] INFO  o.h.v.i.util.Version - [<clinit>,21] - HV000001: Hibernate Validator 6.2.3.Final
09:57:19.238 [restartedMain] INFO  c.e.RuoYiApplication - [logStarting,55] - Starting RuoYiApplication using Java 19.0.1 on 192.168.0.20 with PID 18448 (/Users/yangqingqing/Desktop/project/erp/back/erp-admin/target/classes started by yangqingqing in /Users/yangqingqing/Desktop/project/erp/back)
09:57:19.239 [restartedMain] INFO  c.e.RuoYiApplication - [logStartupProfileInfo,686] - The following 1 profile is active: "druid"
09:57:20.314 [restartedMain] INFO  o.a.c.h.Http11NioProtocol - [log,173] - Initializing ProtocolHandler ["http-nio-8080"]
09:57:20.314 [restartedMain] INFO  o.a.c.c.StandardService - [log,173] - Starting service [Tomcat]
09:57:20.314 [restartedMain] INFO  o.a.c.c.StandardEngine - [log,173] - Starting Servlet engine: [Apache Tomcat/9.0.63]
09:57:20.344 [restartedMain] INFO  o.a.c.c.C.[.[.[/] - [log,173] - Initializing Spring embedded WebApplicationContext
09:57:21.021 [restartedMain] INFO  c.a.d.p.DruidDataSource - [init,998] - {dataSource-1} inited
09:57:24.421 [restartedMain] INFO  o.a.c.h.Http11NioProtocol - [log,173] - Starting ProtocolHandler ["http-nio-8080"]
09:57:25.502 [restartedMain] INFO  c.e.RuoYiApplication - [logStarted,61] - Started RuoYiApplication in 6.422 seconds (JVM running for 6.763)
09:57:37.629 [http-nio-8080-exec-1] INFO  o.a.c.c.C.[.[.[/] - [log,173] - Initializing Spring DispatcherServlet 'dispatcherServlet'
10:55:08.722 [SpringApplicationShutdownHook] INFO  sys-user - [shutdownAsyncManager,31] - ====关闭后台任务任务线程池====
10:55:08.727 [SpringApplicationShutdownHook] INFO  c.a.d.p.DruidDataSource - [close,2071] - {dataSource-1} closing ...
10:55:08.728 [SpringApplicationShutdownHook] INFO  c.a.d.p.DruidDataSource - [close,2144] - {dataSource-1} closed
